Processing data/videos/ARG_CRO_000737.mp4 → data/images/ARG_CRO_000737
Done! 1042 frames extracted and saved in "data/images/ARG_CRO_000737".
Processing data/videos/ARG_CRO_225412.mp4 → data/images/ARG_CRO_225412
Done! 569 frames extracted and saved in "data/images/ARG_CRO_225412".
Processing data/videos/ARG_FRA_183303.mp4 → data/images/ARG_FRA_183303
Done! 1944 frames extracted and saved in "data/images/ARG_FRA_183303".
Processing data/videos/ARG_FRA_184210.mp4 → data/images/ARG_FRA_184210
Done! 987 frames extracted and saved in "data/images/ARG_FRA_184210".
Processing data/videos/BRA_KOR_230503.mp4 → data/images/BRA_KOR_230503
Done! 1812 frames extracted and saved in "data/images/BRA_KOR_230503".
Processing data/videos/BRA_KOR_234113.mp4 → data/images/BRA_KOR_234113
Done! 2735 frames extracted and saved in "data/images/BRA_KOR_234113".
Processing data/videos/CRO_MOR_182145.mp4 → data/images/CRO_MOR_182145
Done! 1189 frames extracted and saved in "data/images/CRO_MOR_182145".
Processing data/videos/CRO_MOR_190500.mp4 → data/images/CRO_MOR_190500
Done! 2022 frames extracted and saved in "data/images/CRO_MOR_190500".
Processing data/videos/CRO_MOR_193052.mp4 → data/images/CRO_MOR_193052
Done! 1440 frames extracted and saved in "data/images/CRO_MOR_193052".
Processing data/videos/ENG_FRA_220243.mp4 → data/images/ENG_FRA_220243
Done! 1305 frames extracted and saved in "data/images/ENG_FRA_220243".
Processing data/videos/ENG_FRA_223104.mp4 → data/images/ENG_FRA_223104
Done! 1878 frames extracted and saved in "data/images/ENG_FRA_223104".
Processing data/videos/ENG_FRA_224512.mp4 → data/images/ENG_FRA_224512
Done! 4275 frames extracted and saved in "data/images/ENG_FRA_224512".
Processing data/videos/ENG_FRA_231427.mp4 → data/images/ENG_FRA_231427
Done! 1060 frames extracted and saved in "data/images/ENG_FRA_231427".
Processing data/videos/FRA_MOR_220726.mp4 → data/images/FRA_MOR_220726
Done! 2149 frames extracted and saved in "data/images/FRA_MOR_220726".
Processing data/videos/FRA_MOR_221546.mp4 → data/images/FRA_MOR_221546
Done! 899 frames extracted and saved in "data/images/FRA_MOR_221546".
Processing data/videos/MOR_POR_180940.mp4 → data/images/MOR_POR_180940
Done! 1800 frames extracted and saved in "data/images/MOR_POR_180940".
Processing data/videos/MOR_POR_184642.mp4 → data/images/MOR_POR_184642
Done! 968 frames extracted and saved in "data/images/MOR_POR_184642".
Processing data/videos/MOR_POR_193202.mp4 → data/images/MOR_POR_193202
Done! 685 frames extracted and saved in "data/images/MOR_POR_193202".
Processing data/videos/NET_ARG_003203.mp4 → data/images/NET_ARG_003203
Done! 1210 frames extracted and saved in "data/images/NET_ARG_003203".
Processing data/videos/NET_ARG_004041.mp4 → data/images/NET_ARG_004041
Done! 904 frames extracted and saved in "data/images/NET_ARG_004041".
All videos processed.
