===== RUN MOR_POR_193202 =====
Wed Apr 15 13:32:18 2026       
+-----------------------------------------------------------------------------------------+
| NVIDIA-SMI 550.163.01             Driver Version: 550.163.01     CUDA Version: 12.4     |
|-----------------------------------------+------------------------+----------------------+
| GPU  Name                 Persistence-M | Bus-Id          Disp.A | Volatile Uncorr. ECC |
| Fan  Temp   Perf          Pwr:Usage/Cap |           Memory-Usage | GPU-Util  Compute M. |
|                                         |                        |               MIG M. |
|=========================================+========================+======================|
|   0  Tesla V100S-PCIE-32GB          Off |   00000000:3B:00.0 Off |                    0 |
| N/A   43C    P0             53W /  250W |       1MiB /  32768MiB |      0%      Default |
|                                         |                        |                  N/A |
+-----------------------------------------+------------------------+----------------------+
                                                                                         
+-----------------------------------------------------------------------------------------+
| Processes:                                                                              |
|  GPU   GI   CI        PID   Type   Process name                              GPU Memory |
|        ID   ID                                                               Usage      |
|=========================================================================================|
|  No running processes found                                                             |
+-----------------------------------------------------------------------------------------+
Loading SAM 3D Body model...
No human detector is used...
Mask-condition inference is not supported...
No FOV estimator... Using the default FOV!
[run] MOR_POR_193202
Using provided camera intrinsics...
Using provided camera intrinsics...
Using provided camera intrinsics...
Using provided camera intrinsics...
Using provided camera intrinsics...
Using provided camera intrinsics...
Using provided camera intrinsics...
Using provided camera intrinsics...
Using provided camera intrinsics...
Using provided camera intrinsics...
Using provided camera intrinsics...
Using provided camera intrinsics...
Using provided camera intrinsics...
Using provided camera intrinsics...
Using provided camera intrinsics...
Using provided camera intrinsics...
Using provided camera intrinsics...
Using provided camera intrinsics...
Using provided camera intrinsics...
Using provided camera intrinsics...
Using provided camera intrinsics...
Using provided camera intrinsics...
Using provided camera intrinsics...
Using provided camera intrinsics...
Using provided camera intrinsics...
Using provided camera intrinsics...
Using provided camera intrinsics...
Using provided camera intrinsics...
Using provided camera intrinsics...
Using provided camera intrinsics...
Using provided camera intrinsics...
Using provided camera intrinsics...
Using provided camera intrinsics...
Using provided camera intrinsics...
Using provided camera intrinsics...
Using provided camera intrinsics...
Using provided camera intrinsics...
Using provided camera intrinsics...
Using provided camera intrinsics...
Using provided camera intrinsics...
Using provided camera intrinsics...
Using provided camera intrinsics...
Using provided camera intrinsics...
Using provided camera intrinsics...
Using provided camera intrinsics...
Using provided camera intrinsics...
Using provided camera intrinsics...
Using provided camera intrinsics...
Using provided camera intrinsics...
Using provided camera intrinsics...
Using provided camera intrinsics...
Using provided camera intrinsics...
Using provided camera intrinsics...
Using provided camera intrinsics...
Using provided camera intrinsics...
Using provided camera intrinsics...
Using provided camera intrinsics...
Using provided camera intrinsics...
Using provided camera intrinsics...
Using provided camera intrinsics...
Using provided camera intrinsics...
Using provided camera intrinsics...
Using provided camera intrinsics...
Using provided camera intrinsics...
Using provided camera intrinsics...
Using provided camera intrinsics...
Using provided camera intrinsics...
Using provided camera intrinsics...
Using provided camera intrinsics...
Using provided camera intrinsics...
Using provided camera intrinsics...
Using provided camera intrinsics...
Using provided camera intrinsics...
Using provided camera intrinsics...
Using provided camera intrinsics...
Using provided camera intrinsics...
Using provided camera intrinsics...
Using provided camera intrinsics...
Using provided camera intrinsics...
Using provided camera intrinsics...
Using provided camera intrinsics...
Using provided camera intrinsics...
Using provided camera intrinsics...
Using provided camera intrinsics...
Using provided camera intrinsics...
Using provided camera intrinsics...
Using provided camera intrinsics...
Using provided camera intrinsics...
Using provided camera intrinsics...
Using provided camera intrinsics...
Using provided camera intrinsics...
Using provided camera intrinsics...
Using provided camera intrinsics...
Using provided camera intrinsics...
Using provided camera intrinsics...
Using provided camera intrinsics...
Using provided camera intrinsics...
Using provided camera intrinsics...
Using provided camera intrinsics...
Using provided camera intrinsics...
Using provided camera intrinsics...
Using provided camera intrinsics...
Using provided camera intrinsics...
Using provided camera intrinsics...
Using provided camera intrinsics...
Using provided camera intrinsics...
Using provided camera intrinsics...
Using provided camera intrinsics...
Using provided camera intrinsics...
Using provided camera intrinsics...
Using provided camera intrinsics...
Using provided camera intrinsics...
Using provided camera intrinsics...
Using provided camera intrinsics...
Using provided camera intrinsics...
Using provided camera intrinsics...
Using provided camera intrinsics...
Using provided camera intrinsics...
Using provided camera intrinsics...
Using provided camera intrinsics...
Using provided camera intrinsics...
Using provided camera intrinsics...
Using provided camera intrinsics...
Using provided camera intrinsics...
Using provided camera intrinsics...
Using provided camera intrinsics...
Using provided camera intrinsics...
Using provided camera intrinsics...
Using provided camera intrinsics...
Using provided camera intrinsics...
Using provided camera intrinsics...
Using provided camera intrinsics...
Using provided camera intrinsics...
Using provided camera intrinsics...
Using provided camera intrinsics...
Using provided camera intrinsics...
Using provided camera intrinsics...
Using provided camera intrinsics...
Using provided camera intrinsics...
Using provided camera intrinsics...
Using provided camera intrinsics...
Using provided camera intrinsics...
Using provided camera intrinsics...
Using provided camera intrinsics...
Using provided camera intrinsics...
Using provided camera intrinsics...
Using provided camera intrinsics...
Using provided camera intrinsics...
Using provided camera intrinsics...
Using provided camera intrinsics...
Using provided camera intrinsics...
Using provided camera intrinsics...
Using provided camera intrinsics...
Using provided camera intrinsics...
Using provided camera intrinsics...
Using provided camera intrinsics...
Using provided camera intrinsics...
Using provided camera intrinsics...
Using provided camera intrinsics...
Using provided camera intrinsics...
Using provided camera intrinsics...
Using provided camera intrinsics...
Using provided camera intrinsics...
Using provided camera intrinsics...
Using provided camera intrinsics...
Using provided camera intrinsics...
Using provided camera intrinsics...
Using provided camera intrinsics...
Using provided camera intrinsics...
Using provided camera intrinsics...
Using provided camera intrinsics...
Using provided camera intrinsics...
Using provided camera intrinsics...
Using provided camera intrinsics...
Using provided camera intrinsics...
Using provided camera intrinsics...
Using provided camera intrinsics...
Using provided camera intrinsics...
Using provided camera intrinsics...
Using provided camera intrinsics...
Using provided camera intrinsics...
Using provided camera intrinsics...
Using provided camera intrinsics...
Using provided camera intrinsics...
Using provided camera intrinsics...
Using provided camera intrinsics...
Using provided camera intrinsics...
Using provided camera intrinsics...
Using provided camera intrinsics...
Using provided camera intrinsics...
Using provided camera intrinsics...
Using provided camera intrinsics...
Using provided camera intrinsics...
Using provided camera intrinsics...
Using provided camera intrinsics...
Using provided camera intrinsics...
Using provided camera intrinsics...
Using provided camera intrinsics...
Using provided camera intrinsics...
Using provided camera intrinsics...
Using provided camera intrinsics...
Using provided camera intrinsics...
Using provided camera intrinsics...
Using provided camera intrinsics...
Using provided camera intrinsics...
Using provided camera intrinsics...
Using provided camera intrinsics...
Using provided camera intrinsics...
Using provided camera intrinsics...
Using provided camera intrinsics...
Using provided camera intrinsics...
Using provided camera intrinsics...
Using provided camera intrinsics...
Using provided camera intrinsics...
Using provided camera intrinsics...
Using provided camera intrinsics...
Using provided camera intrinsics...
Using provided camera intrinsics...
Using provided camera intrinsics...
Using provided camera intrinsics...
Using provided camera intrinsics...
Using provided camera intrinsics...
Using provided camera intrinsics...
Using provided camera intrinsics...
Using provided camera intrinsics...
Using provided camera intrinsics...
Using provided camera intrinsics...
Using provided camera intrinsics...
Using provided camera intrinsics...
Using provided camera intrinsics...
Using provided camera intrinsics...
Using provided camera intrinsics...
Using provided camera intrinsics...
Using provided camera intrinsics...
Using provided camera intrinsics...
Using provided camera intrinsics...
Using provided camera intrinsics...
Using provided camera intrinsics...
Using provided camera intrinsics...
Using provided camera intrinsics...
Using provided camera intrinsics...
Using provided camera intrinsics...
Using provided camera intrinsics...
Using provided camera intrinsics...
Using provided camera intrinsics...
Using provided camera intrinsics...
Using provided camera intrinsics...
Using provided camera intrinsics...
Using provided camera intrinsics...
Using provided camera intrinsics...
Using provided camera intrinsics...
Using provided camera intrinsics...
Using provided camera intrinsics...
Using provided camera intrinsics...
Using provided camera intrinsics...
Using provided camera intrinsics...
Using provided camera intrinsics...
Using provided camera intrinsics...
Using provided camera intrinsics...
Using provided camera intrinsics...
Using provided camera intrinsics...
Using provided camera intrinsics...
Using provided camera intrinsics...
Using provided camera intrinsics...
Using provided camera intrinsics...
Using provided camera intrinsics...
Using provided camera intrinsics...
Using provided camera intrinsics...
Using provided camera intrinsics...
Using provided camera intrinsics...
Using provided camera intrinsics...
Using provided camera intrinsics...
Using provided camera intrinsics...
Using provided camera intrinsics...
Using provided camera intrinsics...
Using provided camera intrinsics...
Using provided camera intrinsics...
Using provided camera intrinsics...
Using provided camera intrinsics...
Using provided camera intrinsics...
Using provided camera intrinsics...
Using provided camera intrinsics...
Using provided camera intrinsics...
Using provided camera intrinsics...
Using provided camera intrinsics...
Using provided camera intrinsics...
Using provided camera intrinsics...
Using provided camera intrinsics...
Using provided camera intrinsics...
Using provided camera intrinsics...
Using provided camera intrinsics...
Using provided camera intrinsics...
Using provided camera intrinsics...
Using provided camera intrinsics...
Using provided camera intrinsics...
Using provided camera intrinsics...
Using provided camera intrinsics...
Using provided camera intrinsics...
Using provided camera intrinsics...
Using provided camera intrinsics...
Using provided camera intrinsics...
Using provided camera intrinsics...
Using provided camera intrinsics...
Using provided camera intrinsics...
Using provided camera intrinsics...
Using provided camera intrinsics...
Using provided camera intrinsics...
Using provided camera intrinsics...
Using provided camera intrinsics...
Using provided camera intrinsics...
Using provided camera intrinsics...
Using provided camera intrinsics...
Using provided camera intrinsics...
Using provided camera intrinsics...
Using provided camera intrinsics...
Using provided camera intrinsics...
Using provided camera intrinsics...
Using provided camera intrinsics...
Using provided camera intrinsics...
Using provided camera intrinsics...
Using provided camera intrinsics...
Using provided camera intrinsics...
Using provided camera intrinsics...
Using provided camera intrinsics...
Using provided camera intrinsics...
Using provided camera intrinsics...
Using provided camera intrinsics...
Using provided camera intrinsics...
Using provided camera intrinsics...
Using provided camera intrinsics...
Using provided camera intrinsics...
Using provided camera intrinsics...
Using provided camera intrinsics...
Using provided camera intrinsics...
Using provided camera intrinsics...
Using provided camera intrinsics...
Using provided camera intrinsics...
Using provided camera intrinsics...
Using provided camera intrinsics...
Using provided camera intrinsics...
Using provided camera intrinsics...
Using provided camera intrinsics...
Using provided camera intrinsics...
Using provided camera intrinsics...
Using provided camera intrinsics...
Using provided camera intrinsics...
Using provided camera intrinsics...
Using provided camera intrinsics...
Using provided camera intrinsics...
Using provided camera intrinsics...
Using provided camera intrinsics...
Using provided camera intrinsics...
Using provided camera intrinsics...
Using provided camera intrinsics...
Using provided camera intrinsics...
Using provided camera intrinsics...
Using provided camera intrinsics...
Using provided camera intrinsics...
Using provided camera intrinsics...
Using provided camera intrinsics...
Using provided camera intrinsics...
Using provided camera intrinsics...
Using provided camera intrinsics...
Using provided camera intrinsics...
Using provided camera intrinsics...
Using provided camera intrinsics...
Using provided camera intrinsics...
Using provided camera intrinsics...
Using provided camera intrinsics...
Using provided camera intrinsics...
Using provided camera intrinsics...
Using provided camera intrinsics...
Using provided camera intrinsics...
Using provided camera intrinsics...
Using provided camera intrinsics...
Using provided camera intrinsics...
Using provided camera intrinsics...
Using provided camera intrinsics...
Using provided camera intrinsics...
Using provided camera intrinsics...
Using provided camera intrinsics...
Using provided camera intrinsics...
Using provided camera intrinsics...
Using provided camera intrinsics...
Using provided camera intrinsics...
Using provided camera intrinsics...
Using provided camera intrinsics...
Using provided camera intrinsics...
Using provided camera intrinsics...
Using provided camera intrinsics...
Using provided camera intrinsics...
Using provided camera intrinsics...
Using provided camera intrinsics...
Using provided camera intrinsics...
Using provided camera intrinsics...
Using provided camera intrinsics...
Using provided camera intrinsics...
Using provided camera intrinsics...
Using provided camera intrinsics...
Using provided camera intrinsics...
Using provided camera intrinsics...
Using provided camera intrinsics...
Using provided camera intrinsics...
Using provided camera intrinsics...
Using provided camera intrinsics...
Using provided camera intrinsics...
Using provided camera intrinsics...
Using provided camera intrinsics...
Using provided camera intrinsics...
Using provided camera intrinsics...
Using provided camera intrinsics...
Using provided camera intrinsics...
Using provided camera intrinsics...
Using provided camera intrinsics...
Using provided camera intrinsics...
Using provided camera intrinsics...
Using provided camera intrinsics...
Using provided camera intrinsics...
Using provided camera intrinsics...
Using provided camera intrinsics...
Using provided camera intrinsics...
Using provided camera intrinsics...
Using provided camera intrinsics...
Using provided camera intrinsics...
Using provided camera intrinsics...
Using provided camera intrinsics...
Using provided camera intrinsics...
Using provided camera intrinsics...
Using provided camera intrinsics...
Using provided camera intrinsics...
Using provided camera intrinsics...
Using provided camera intrinsics...
Using provided camera intrinsics...
Using provided camera intrinsics...
Using provided camera intrinsics...
Using provided camera intrinsics...
Using provided camera intrinsics...
Using provided camera intrinsics...
Using provided camera intrinsics...
Using provided camera intrinsics...
Using provided camera intrinsics...
Using provided camera intrinsics...
Using provided camera intrinsics...
Using provided camera intrinsics...
Using provided camera intrinsics...
Using provided camera intrinsics...
Using provided camera intrinsics...
Using provided camera intrinsics...
Using provided camera intrinsics...
Using provided camera intrinsics...
Using provided camera intrinsics...
Using provided camera intrinsics...
Using provided camera intrinsics...
Using provided camera intrinsics...
Using provided camera intrinsics...
Using provided camera intrinsics...
Using provided camera intrinsics...
Using provided camera intrinsics...
Using provided camera intrinsics...
Using provided camera intrinsics...
Using provided camera intrinsics...
Using provided camera intrinsics...
Using provided camera intrinsics...
Using provided camera intrinsics...
Using provided camera intrinsics...
Using provided camera intrinsics...
Using provided camera intrinsics...
Using provided camera intrinsics...
Using provided camera intrinsics...
Using provided camera intrinsics...
Using provided camera intrinsics...
Using provided camera intrinsics...
Using provided camera intrinsics...
Using provided camera intrinsics...
Using provided camera intrinsics...
Using provided camera intrinsics...
Using provided camera intrinsics...
Using provided camera intrinsics...
Using provided camera intrinsics...
Using provided camera intrinsics...
Using provided camera intrinsics...
Using provided camera intrinsics...
Using provided camera intrinsics...
Using provided camera intrinsics...
Using provided camera intrinsics...
Using provided camera intrinsics...
Using provided camera intrinsics...
Using provided camera intrinsics...
Using provided camera intrinsics...
Using provided camera intrinsics...
Using provided camera intrinsics...
Using provided camera intrinsics...
Using provided camera intrinsics...
Using provided camera intrinsics...
Using provided camera intrinsics...
Using provided camera intrinsics...
Using provided camera intrinsics...
Using provided camera intrinsics...
Using provided camera intrinsics...
Using provided camera intrinsics...
Using provided camera intrinsics...
Using provided camera intrinsics...
Using provided camera intrinsics...
Using provided camera intrinsics...
Using provided camera intrinsics...
Using provided camera intrinsics...
Using provided camera intrinsics...
Using provided camera intrinsics...
Using provided camera intrinsics...
Using provided camera intrinsics...
Using provided camera intrinsics...
Using provided camera intrinsics...
Using provided camera intrinsics...
Using provided camera intrinsics...
Using provided camera intrinsics...
Using provided camera intrinsics...
Using provided camera intrinsics...
Using provided camera intrinsics...
Using provided camera intrinsics...
Using provided camera intrinsics...
Using provided camera intrinsics...
Using provided camera intrinsics...
Using provided camera intrinsics...
Using provided camera intrinsics...
Using provided camera intrinsics...
Using provided camera intrinsics...
Using provided camera intrinsics...
Using provided camera intrinsics...
Using provided camera intrinsics...
Using provided camera intrinsics...
Using provided camera intrinsics...
Using provided camera intrinsics...
Using provided camera intrinsics...
Using provided camera intrinsics...
Using provided camera intrinsics...
Using provided camera intrinsics...
Using provided camera intrinsics...
Using provided camera intrinsics...
Using provided camera intrinsics...
Using provided camera intrinsics...
Using provided camera intrinsics...
Using provided camera intrinsics...
Using provided camera intrinsics...
Using provided camera intrinsics...
Using provided camera intrinsics...
Using provided camera intrinsics...
Using provided camera intrinsics...
Using provided camera intrinsics...
Using provided camera intrinsics...
Using provided camera intrinsics...
Using provided camera intrinsics...
Using provided camera intrinsics...
Using provided camera intrinsics...
Using provided camera intrinsics...
Using provided camera intrinsics...
Using provided camera intrinsics...
Using provided camera intrinsics...
Using provided camera intrinsics...
Using provided camera intrinsics...
Using provided camera intrinsics...
Using provided camera intrinsics...
Using provided camera intrinsics...
Using provided camera intrinsics...
Using provided camera intrinsics...
Using provided camera intrinsics...
Using provided camera intrinsics...
Using provided camera intrinsics...
Using provided camera intrinsics...
Using provided camera intrinsics...
Using provided camera intrinsics...
Using provided camera intrinsics...
Using provided camera intrinsics...
Using provided camera intrinsics...
Using provided camera intrinsics...
Using provided camera intrinsics...
Using provided camera intrinsics...
Using provided camera intrinsics...
Using provided camera intrinsics...
Using provided camera intrinsics...
Using provided camera intrinsics...
Using provided camera intrinsics...
Using provided camera intrinsics...
Using provided camera intrinsics...
Using provided camera intrinsics...
Using provided camera intrinsics...
Using provided camera intrinsics...
Using provided camera intrinsics...
Using provided camera intrinsics...
Using provided camera intrinsics...
Using provided camera intrinsics...
Using provided camera intrinsics...
Using provided camera intrinsics...
Using provided camera intrinsics...
Using provided camera intrinsics...
Using provided camera intrinsics...
Using provided camera intrinsics...
Using provided camera intrinsics...
Using provided camera intrinsics...
Using provided camera intrinsics...
Using provided camera intrinsics...
Using provided camera intrinsics...
Using provided camera intrinsics...
Using provided camera intrinsics...
Using provided camera intrinsics...
Using provided camera intrinsics...
Using provided camera intrinsics...
Using provided camera intrinsics...
Using provided camera intrinsics...
Using provided camera intrinsics...
Using provided camera intrinsics...
Using provided camera intrinsics...
Using provided camera intrinsics...
Using provided camera intrinsics...
Using provided camera intrinsics...
Using provided camera intrinsics...
Using provided camera intrinsics...
Using provided camera intrinsics...
Using provided camera intrinsics...
Using provided camera intrinsics...
Using provided camera intrinsics...
Using provided camera intrinsics...
Using provided camera intrinsics...
Using provided camera intrinsics...
Using provided camera intrinsics...
Using provided camera intrinsics...
Using provided camera intrinsics...
Using provided camera intrinsics...
Using provided camera intrinsics...
Using provided camera intrinsics...
Using provided camera intrinsics...
Using provided camera intrinsics...
Using provided camera intrinsics...
Using provided camera intrinsics...
Using provided camera intrinsics...
Using provided camera intrinsics...
Using provided camera intrinsics...
Using provided camera intrinsics...
Using provided camera intrinsics...
Using provided camera intrinsics...
Using provided camera intrinsics...
Using provided camera intrinsics...
Using provided camera intrinsics...
Using provided camera intrinsics...
Using provided camera intrinsics...
Using provided camera intrinsics...
Using provided camera intrinsics...
Using provided camera intrinsics...
Using provided camera intrinsics...
Using provided camera intrinsics...
Using provided camera intrinsics...
Using provided camera intrinsics...
Using provided camera intrinsics...
Using provided camera intrinsics...
Using provided camera intrinsics...
Using provided camera intrinsics...
Using provided camera intrinsics...
Using provided camera intrinsics...
Using provided camera intrinsics...
Using provided camera intrinsics...
Using provided camera intrinsics...
Using provided camera intrinsics...
Using provided camera intrinsics...
Using provided camera intrinsics...
Using provided camera intrinsics...
Using provided camera intrinsics...
Using provided camera intrinsics...
Using provided camera intrinsics...
Using provided camera intrinsics...
Using provided camera intrinsics...
Using provided camera intrinsics...
Using provided camera intrinsics...
Using provided camera intrinsics...
Using provided camera intrinsics...
Using provided camera intrinsics...
Using provided camera intrinsics...
Using provided camera intrinsics...
Using provided camera intrinsics...
Using provided camera intrinsics...
Using provided camera intrinsics...
Using provided camera intrinsics...
Using provided camera intrinsics...
Using provided camera intrinsics...
Using provided camera intrinsics...
Using provided camera intrinsics...
Using provided camera intrinsics...
===== DONE MOR_POR_193202 =====
